{"/Users/shahzod/GitHub/project--brain-game-typescript/games/brain-calc.js": {"path":"/Users/shahzod/GitHub/project--brain-game-typescript/games/brain-calc.js","all":false,"statementMap":{"0":{"start":{"line":1,"column":0},"end":{"line":1,"column":13}},"1":{"start":{"line":2,"column":0},"end":{"line":2,"column":26}},"2":{"start":{"line":3,"column":0},"end":{"line":3,"column":44}},"3":{"start":{"line":4,"column":0},"end":{"line":4,"column":34}},"4":{"start":{"line":5,"column":0},"end":{"line":5,"column":54}},"5":{"start":{"line":6,"column":0},"end":{"line":6,"column":35}},"6":{"start":{"line":7,"column":0},"end":{"line":7,"column":47}},"7":{"start":{"line":8,"column":0},"end":{"line":8,"column":66}},"8":{"start":{"line":9,"column":0},"end":{"line":9,"column":33}},"9":{"start":{"line":10,"column":0},"end":{"line":10,"column":15}},"10":{"start":{"line":11,"column":0},"end":{"line":11,"column":5}},"11":{"start":{"line":12,"column":0},"end":{"line":12,"column":79}},"12":{"start":{"line":13,"column":0},"end":{"line":13,"column":62}},"13":{"start":{"line":14,"column":0},"end":{"line":14,"column":63}},"14":{"start":{"line":15,"column":0},"end":{"line":15,"column":22}},"15":{"start":{"line":16,"column":0},"end":{"line":16,"column":26}},"16":{"start":{"line":17,"column":0},"end":{"line":17,"column":17}},"17":{"start":{"line":18,"column":0},"end":{"line":18,"column":63}},"18":{"start":{"line":19,"column":0},"end":{"line":19,"column":18}},"19":{"start":{"line":20,"column":0},"end":{"line":20,"column":17}},"20":{"start":{"line":21,"column":0},"end":{"line":21,"column":63}},"21":{"start":{"line":22,"column":0},"end":{"line":22,"column":18}},"22":{"start":{"line":23,"column":0},"end":{"line":23,"column":17}},"23":{"start":{"line":24,"column":0},"end":{"line":24,"column":63}},"24":{"start":{"line":25,"column":0},"end":{"line":25,"column":18}},"25":{"start":{"line":26,"column":0},"end":{"line":26,"column":16}},"26":{"start":{"line":27,"column":0},"end":{"line":27,"column":31}},"27":{"start":{"line":28,"column":0},"end":{"line":28,"column":5}},"28":{"start":{"line":29,"column":0},"end":{"line":29,"column":113}},"29":{"start":{"line":30,"column":0},"end":{"line":30,"column":58}},"30":{"start":{"line":31,"column":0},"end":{"line":31,"column":80}},"31":{"start":{"line":32,"column":0},"end":{"line":32,"column":42}},"32":{"start":{"line":33,"column":0},"end":{"line":33,"column":5}},"33":{"start":{"line":34,"column":0},"end":{"line":34,"column":2}},"34":{"start":{"line":35,"column":0},"end":{"line":35,"column":31}}},"s":{"0":2,"1":2,"2":2,"3":2,"4":2,"5":2,"6":2,"7":1,"8":1,"9":1,"10":1,"11":0,"12":0,"13":0,"14":0,"15":0,"16":0,"17":0,"18":0,"19":1,"20":0,"21":0,"22":1,"23":0,"24":0,"25":1,"26":0,"27":1,"28":0,"29":0,"30":0,"31":0,"32":0,"33":2,"34":2},"branchMap":{"0":{"type":"branch","line":1,"loc":{"start":{"line":1,"column":0},"end":{"line":35,"column":31}},"locations":[{"start":{"line":1,"column":0},"end":{"line":35,"column":31}}]},"1":{"type":"branch","line":1,"loc":{"start":{"line":1,"column":0},"end":{"line":35,"column":31}},"locations":[{"start":{"line":1,"column":0},"end":{"line":35,"column":31}}]},"2":{"type":"branch","line":7,"loc":{"start":{"line":7,"column":16},"end":{"line":34,"column":1}},"locations":[{"start":{"line":7,"column":16},"end":{"line":34,"column":1}}]},"3":{"type":"branch","line":8,"loc":{"start":{"line":8,"column":39},"end":{"line":8,"column":66}},"locations":[{"start":{"line":8,"column":39},"end":{"line":8,"column":66}}]},"4":{"type":"branch","line":12,"loc":{"start":{"line":12,"column":-1},"end":{"line":19,"column":18}},"locations":[{"start":{"line":12,"column":-1},"end":{"line":19,"column":18}}]},"5":{"type":"branch","line":20,"loc":{"start":{"line":20,"column":8},"end":{"line":22,"column":18}},"locations":[{"start":{"line":20,"column":8},"end":{"line":22,"column":18}}]},"6":{"type":"branch","line":23,"loc":{"start":{"line":23,"column":8},"end":{"line":25,"column":18}},"locations":[{"start":{"line":23,"column":8},"end":{"line":25,"column":18}}]},"7":{"type":"branch","line":26,"loc":{"start":{"line":26,"column":8},"end":{"line":27,"column":31}},"locations":[{"start":{"line":26,"column":8},"end":{"line":27,"column":31}}]},"8":{"type":"branch","line":29,"loc":{"start":{"line":29,"column":-1},"end":{"line":33,"column":5}},"locations":[{"start":{"line":29,"column":-1},"end":{"line":33,"column":5}}]}},"b":{"0":[2],"1":[2],"2":[1],"3":[0],"4":[0],"5":[0],"6":[0],"7":[0],"8":[0]},"fnMap":{"0":{"name":"Object.<anonymous>","decl":{"start":{"line":1,"column":0},"end":{"line":35,"column":31}},"loc":{"start":{"line":1,"column":0},"end":{"line":35,"column":31}},"line":1},"1":{"name":"brainCalc","decl":{"start":{"line":7,"column":16},"end":{"line":34,"column":1}},"loc":{"start":{"line":7,"column":16},"end":{"line":34,"column":1}},"line":7}},"f":{"0":2,"1":1}}
,"/Users/shahzod/GitHub/project--brain-game-typescript/games/brain-even.js": {"path":"/Users/shahzod/GitHub/project--brain-game-typescript/games/brain-even.js","all":false,"statementMap":{"0":{"start":{"line":1,"column":0},"end":{"line":1,"column":13}},"1":{"start":{"line":2,"column":0},"end":{"line":2,"column":26}},"2":{"start":{"line":3,"column":0},"end":{"line":3,"column":44}},"3":{"start":{"line":4,"column":0},"end":{"line":4,"column":34}},"4":{"start":{"line":5,"column":0},"end":{"line":5,"column":54}},"5":{"start":{"line":6,"column":0},"end":{"line":6,"column":47}},"6":{"start":{"line":7,"column":0},"end":{"line":7,"column":66}},"7":{"start":{"line":8,"column":0},"end":{"line":8,"column":33}},"8":{"start":{"line":9,"column":0},"end":{"line":9,"column":15}},"9":{"start":{"line":10,"column":0},"end":{"line":10,"column":5}},"10":{"start":{"line":11,"column":0},"end":{"line":11,"column":59}},"11":{"start":{"line":12,"column":0},"end":{"line":12,"column":69}},"12":{"start":{"line":13,"column":0},"end":{"line":13,"column":22}},"13":{"start":{"line":14,"column":0},"end":{"line":14,"column":29}},"14":{"start":{"line":15,"column":0},"end":{"line":15,"column":29}},"15":{"start":{"line":16,"column":0},"end":{"line":16,"column":5}},"16":{"start":{"line":17,"column":0},"end":{"line":17,"column":10}},"17":{"start":{"line":18,"column":0},"end":{"line":18,"column":30}},"18":{"start":{"line":19,"column":0},"end":{"line":19,"column":5}},"19":{"start":{"line":20,"column":0},"end":{"line":20,"column":58}},"20":{"start":{"line":21,"column":0},"end":{"line":21,"column":80}},"21":{"start":{"line":22,"column":0},"end":{"line":22,"column":42}},"22":{"start":{"line":23,"column":0},"end":{"line":23,"column":5}},"23":{"start":{"line":24,"column":0},"end":{"line":24,"column":2}},"24":{"start":{"line":25,"column":0},"end":{"line":25,"column":31}}},"s":{"0":2,"1":2,"2":2,"3":2,"4":2,"5":2,"6":1,"7":1,"8":1,"9":1,"10":0,"11":0,"12":0,"13":0,"14":0,"15":0,"16":0,"17":0,"18":0,"19":0,"20":0,"21":0,"22":0,"23":2,"24":2},"branchMap":{"0":{"type":"branch","line":1,"loc":{"start":{"line":1,"column":0},"end":{"line":25,"column":31}},"locations":[{"start":{"line":1,"column":0},"end":{"line":25,"column":31}}]},"1":{"type":"branch","line":1,"loc":{"start":{"line":1,"column":0},"end":{"line":25,"column":31}},"locations":[{"start":{"line":1,"column":0},"end":{"line":25,"column":31}}]},"2":{"type":"branch","line":6,"loc":{"start":{"line":6,"column":16},"end":{"line":24,"column":1}},"locations":[{"start":{"line":6,"column":16},"end":{"line":24,"column":1}}]},"3":{"type":"branch","line":7,"loc":{"start":{"line":7,"column":39},"end":{"line":7,"column":66}},"locations":[{"start":{"line":7,"column":39},"end":{"line":7,"column":66}}]},"4":{"type":"branch","line":11,"loc":{"start":{"line":11,"column":-1},"end":{"line":23,"column":5}},"locations":[{"start":{"line":11,"column":-1},"end":{"line":23,"column":5}}]}},"b":{"0":[2],"1":[2],"2":[1],"3":[0],"4":[0]},"fnMap":{"0":{"name":"Object.<anonymous>","decl":{"start":{"line":1,"column":0},"end":{"line":25,"column":31}},"loc":{"start":{"line":1,"column":0},"end":{"line":25,"column":31}},"line":1},"1":{"name":"brainEven","decl":{"start":{"line":6,"column":16},"end":{"line":24,"column":1}},"loc":{"start":{"line":6,"column":16},"end":{"line":24,"column":1}},"line":6}},"f":{"0":2,"1":1}}
,"/Users/shahzod/GitHub/project--brain-game-typescript/games/brain-gcd.js": {"path":"/Users/shahzod/GitHub/project--brain-game-typescript/games/brain-gcd.js","all":false,"statementMap":{"0":{"start":{"line":1,"column":0},"end":{"line":1,"column":13}},"1":{"start":{"line":2,"column":0},"end":{"line":2,"column":26}},"2":{"start":{"line":3,"column":0},"end":{"line":3,"column":44}},"3":{"start":{"line":4,"column":0},"end":{"line":4,"column":34}},"4":{"start":{"line":5,"column":0},"end":{"line":5,"column":54}},"5":{"start":{"line":6,"column":0},"end":{"line":6,"column":69}},"6":{"start":{"line":7,"column":0},"end":{"line":7,"column":20}},"7":{"start":{"line":8,"column":0},"end":{"line":8,"column":17}},"8":{"start":{"line":9,"column":0},"end":{"line":9,"column":57}},"9":{"start":{"line":10,"column":0},"end":{"line":10,"column":68}},"10":{"start":{"line":11,"column":0},"end":{"line":11,"column":27}},"11":{"start":{"line":12,"column":0},"end":{"line":12,"column":9}},"12":{"start":{"line":13,"column":0},"end":{"line":13,"column":18}},"13":{"start":{"line":14,"column":0},"end":{"line":14,"column":5}},"14":{"start":{"line":15,"column":0},"end":{"line":15,"column":19}},"15":{"start":{"line":16,"column":0},"end":{"line":16,"column":2}},"16":{"start":{"line":17,"column":0},"end":{"line":17,"column":46}},"17":{"start":{"line":18,"column":0},"end":{"line":18,"column":66}},"18":{"start":{"line":19,"column":0},"end":{"line":19,"column":33}},"19":{"start":{"line":20,"column":0},"end":{"line":20,"column":15}},"20":{"start":{"line":21,"column":0},"end":{"line":21,"column":5}},"21":{"start":{"line":22,"column":0},"end":{"line":22,"column":62}},"22":{"start":{"line":23,"column":0},"end":{"line":23,"column":63}},"23":{"start":{"line":24,"column":0},"end":{"line":24,"column":84}},"24":{"start":{"line":25,"column":0},"end":{"line":25,"column":93}},"25":{"start":{"line":26,"column":0},"end":{"line":26,"column":54}},"26":{"start":{"line":27,"column":0},"end":{"line":27,"column":80}},"27":{"start":{"line":28,"column":0},"end":{"line":28,"column":41}},"28":{"start":{"line":29,"column":0},"end":{"line":29,"column":5}},"29":{"start":{"line":30,"column":0},"end":{"line":30,"column":2}},"30":{"start":{"line":31,"column":0},"end":{"line":31,"column":30}}},"s":{"0":2,"1":2,"2":2,"3":2,"4":2,"5":2,"6":0,"7":0,"8":0,"9":0,"10":0,"11":0,"12":0,"13":0,"14":0,"15":2,"16":2,"17":1,"18":1,"19":1,"20":1,"21":0,"22":0,"23":0,"24":0,"25":0,"26":0,"27":0,"28":0,"29":2,"30":2},"branchMap":{"0":{"type":"branch","line":1,"loc":{"start":{"line":1,"column":0},"end":{"line":31,"column":30}},"locations":[{"start":{"line":1,"column":0},"end":{"line":31,"column":30}}]},"1":{"type":"branch","line":1,"loc":{"start":{"line":1,"column":0},"end":{"line":31,"column":30}},"locations":[{"start":{"line":1,"column":0},"end":{"line":31,"column":30}}]},"2":{"type":"branch","line":17,"loc":{"start":{"line":17,"column":15},"end":{"line":30,"column":1}},"locations":[{"start":{"line":17,"column":15},"end":{"line":30,"column":1}}]},"3":{"type":"branch","line":18,"loc":{"start":{"line":18,"column":39},"end":{"line":18,"column":66}},"locations":[{"start":{"line":18,"column":39},"end":{"line":18,"column":66}}]},"4":{"type":"branch","line":22,"loc":{"start":{"line":22,"column":-1},"end":{"line":29,"column":5}},"locations":[{"start":{"line":22,"column":-1},"end":{"line":29,"column":5}}]}},"b":{"0":[2],"1":[2],"2":[1],"3":[0],"4":[0]},"fnMap":{"0":{"name":"Object.<anonymous>","decl":{"start":{"line":1,"column":0},"end":{"line":31,"column":30}},"loc":{"start":{"line":1,"column":0},"end":{"line":31,"column":30}},"line":1},"1":{"name":"getGreatestCommonDivisor","decl":{"start":{"line":6,"column":31},"end":{"line":16,"column":1}},"loc":{"start":{"line":6,"column":31},"end":{"line":16,"column":1}},"line":6},"2":{"name":"brainGCD","decl":{"start":{"line":17,"column":15},"end":{"line":30,"column":1}},"loc":{"start":{"line":17,"column":15},"end":{"line":30,"column":1}},"line":17}},"f":{"0":2,"1":0,"2":1}}
,"/Users/shahzod/GitHub/project--brain-game-typescript/games/brain-prime.js": {"path":"/Users/shahzod/GitHub/project--brain-game-typescript/games/brain-prime.js","all":false,"statementMap":{"0":{"start":{"line":1,"column":0},"end":{"line":1,"column":13}},"1":{"start":{"line":2,"column":0},"end":{"line":2,"column":26}},"2":{"start":{"line":3,"column":0},"end":{"line":3,"column":44}},"3":{"start":{"line":4,"column":0},"end":{"line":4,"column":34}},"4":{"start":{"line":5,"column":0},"end":{"line":5,"column":54}},"5":{"start":{"line":6,"column":0},"end":{"line":6,"column":30}},"6":{"start":{"line":7,"column":0},"end":{"line":7,"column":17}},"7":{"start":{"line":8,"column":0},"end":{"line":8,"column":24}},"8":{"start":{"line":9,"column":0},"end":{"line":9,"column":31}},"9":{"start":{"line":10,"column":0},"end":{"line":10,"column":25}},"10":{"start":{"line":11,"column":0},"end":{"line":11,"column":9}},"11":{"start":{"line":12,"column":0},"end":{"line":12,"column":18}},"12":{"start":{"line":13,"column":0},"end":{"line":13,"column":5}},"13":{"start":{"line":14,"column":0},"end":{"line":14,"column":16}},"14":{"start":{"line":15,"column":0},"end":{"line":15,"column":2}},"15":{"start":{"line":16,"column":0},"end":{"line":16,"column":48}},"16":{"start":{"line":17,"column":0},"end":{"line":17,"column":66}},"17":{"start":{"line":18,"column":0},"end":{"line":18,"column":33}},"18":{"start":{"line":19,"column":0},"end":{"line":19,"column":15}},"19":{"start":{"line":20,"column":0},"end":{"line":20,"column":5}},"20":{"start":{"line":21,"column":0},"end":{"line":21,"column":59}},"21":{"start":{"line":22,"column":0},"end":{"line":22,"column":69}},"22":{"start":{"line":23,"column":0},"end":{"line":23,"column":22}},"23":{"start":{"line":24,"column":0},"end":{"line":24,"column":28}},"24":{"start":{"line":25,"column":0},"end":{"line":25,"column":29}},"25":{"start":{"line":26,"column":0},"end":{"line":26,"column":5}},"26":{"start":{"line":27,"column":0},"end":{"line":27,"column":10}},"27":{"start":{"line":28,"column":0},"end":{"line":28,"column":30}},"28":{"start":{"line":29,"column":0},"end":{"line":29,"column":5}},"29":{"start":{"line":30,"column":0},"end":{"line":30,"column":58}},"30":{"start":{"line":31,"column":0},"end":{"line":31,"column":80}},"31":{"start":{"line":32,"column":0},"end":{"line":32,"column":43}},"32":{"start":{"line":33,"column":0},"end":{"line":33,"column":5}},"33":{"start":{"line":34,"column":0},"end":{"line":34,"column":2}},"34":{"start":{"line":35,"column":0},"end":{"line":35,"column":32}}},"s":{"0":2,"1":2,"2":2,"3":2,"4":2,"5":2,"6":0,"7":0,"8":0,"9":0,"10":0,"11":0,"12":0,"13":0,"14":2,"15":2,"16":1,"17":1,"18":1,"19":1,"20":0,"21":0,"22":0,"23":0,"24":0,"25":0,"26":0,"27":0,"28":0,"29":0,"30":0,"31":0,"32":0,"33":2,"34":2},"branchMap":{"0":{"type":"branch","line":1,"loc":{"start":{"line":1,"column":0},"end":{"line":35,"column":32}},"locations":[{"start":{"line":1,"column":0},"end":{"line":35,"column":32}}]},"1":{"type":"branch","line":1,"loc":{"start":{"line":1,"column":0},"end":{"line":35,"column":32}},"locations":[{"start":{"line":1,"column":0},"end":{"line":35,"column":32}}]},"2":{"type":"branch","line":16,"loc":{"start":{"line":16,"column":17},"end":{"line":34,"column":1}},"locations":[{"start":{"line":16,"column":17},"end":{"line":34,"column":1}}]},"3":{"type":"branch","line":17,"loc":{"start":{"line":17,"column":39},"end":{"line":17,"column":66}},"locations":[{"start":{"line":17,"column":39},"end":{"line":17,"column":66}}]},"4":{"type":"branch","line":21,"loc":{"start":{"line":21,"column":-1},"end":{"line":33,"column":5}},"locations":[{"start":{"line":21,"column":-1},"end":{"line":33,"column":5}}]}},"b":{"0":[2],"1":[2],"2":[1],"3":[0],"4":[0]},"fnMap":{"0":{"name":"Object.<anonymous>","decl":{"start":{"line":1,"column":0},"end":{"line":35,"column":32}},"loc":{"start":{"line":1,"column":0},"end":{"line":35,"column":32}},"line":1},"1":{"name":"isPrime","decl":{"start":{"line":6,"column":14},"end":{"line":15,"column":1}},"loc":{"start":{"line":6,"column":14},"end":{"line":15,"column":1}},"line":6},"2":{"name":"brainPrime","decl":{"start":{"line":16,"column":17},"end":{"line":34,"column":1}},"loc":{"start":{"line":16,"column":17},"end":{"line":34,"column":1}},"line":16}},"f":{"0":2,"1":0,"2":1}}
,"/Users/shahzod/GitHub/project--brain-game-typescript/games/brain-progression.js": {"path":"/Users/shahzod/GitHub/project--brain-game-typescript/games/brain-progression.js","all":false,"statementMap":{"0":{"start":{"line":1,"column":0},"end":{"line":1,"column":13}},"1":{"start":{"line":2,"column":0},"end":{"line":2,"column":26}},"2":{"start":{"line":3,"column":0},"end":{"line":3,"column":44}},"3":{"start":{"line":4,"column":0},"end":{"line":4,"column":34}},"4":{"start":{"line":5,"column":0},"end":{"line":5,"column":54}},"5":{"start":{"line":6,"column":0},"end":{"line":6,"column":77}},"6":{"start":{"line":7,"column":0},"end":{"line":7,"column":20}},"7":{"start":{"line":8,"column":0},"end":{"line":8,"column":32}},"8":{"start":{"line":9,"column":0},"end":{"line":9,"column":32}},"9":{"start":{"line":10,"column":0},"end":{"line":10,"column":34}},"10":{"start":{"line":11,"column":0},"end":{"line":11,"column":38}},"11":{"start":{"line":12,"column":0},"end":{"line":12,"column":5}},"12":{"start":{"line":13,"column":0},"end":{"line":13,"column":18}},"13":{"start":{"line":14,"column":0},"end":{"line":14,"column":2}},"14":{"start":{"line":15,"column":0},"end":{"line":15,"column":54}},"15":{"start":{"line":16,"column":0},"end":{"line":16,"column":66}},"16":{"start":{"line":17,"column":0},"end":{"line":17,"column":33}},"17":{"start":{"line":18,"column":0},"end":{"line":18,"column":15}},"18":{"start":{"line":19,"column":0},"end":{"line":19,"column":5}},"19":{"start":{"line":20,"column":0},"end":{"line":20,"column":67}},"20":{"start":{"line":21,"column":0},"end":{"line":21,"column":72}},"21":{"start":{"line":22,"column":0},"end":{"line":22,"column":86}},"22":{"start":{"line":23,"column":0},"end":{"line":23,"column":63}},"23":{"start":{"line":24,"column":0},"end":{"line":24,"column":55}},"24":{"start":{"line":25,"column":0},"end":{"line":25,"column":44}},"25":{"start":{"line":26,"column":0},"end":{"line":26,"column":35}},"26":{"start":{"line":27,"column":0},"end":{"line":27,"column":79}},"27":{"start":{"line":28,"column":0},"end":{"line":28,"column":58}},"28":{"start":{"line":29,"column":0},"end":{"line":29,"column":80}},"29":{"start":{"line":30,"column":0},"end":{"line":30,"column":49}},"30":{"start":{"line":31,"column":0},"end":{"line":31,"column":5}},"31":{"start":{"line":32,"column":0},"end":{"line":32,"column":2}},"32":{"start":{"line":33,"column":0},"end":{"line":33,"column":38}}},"s":{"0":2,"1":2,"2":2,"3":2,"4":2,"5":2,"6":0,"7":0,"8":0,"9":0,"10":0,"11":0,"12":0,"13":2,"14":2,"15":1,"16":1,"17":1,"18":1,"19":0,"20":0,"21":0,"22":0,"23":0,"24":0,"25":0,"26":0,"27":0,"28":0,"29":0,"30":0,"31":2,"32":2},"branchMap":{"0":{"type":"branch","line":1,"loc":{"start":{"line":1,"column":0},"end":{"line":33,"column":38}},"locations":[{"start":{"line":1,"column":0},"end":{"line":33,"column":38}}]},"1":{"type":"branch","line":1,"loc":{"start":{"line":1,"column":0},"end":{"line":33,"column":38}},"locations":[{"start":{"line":1,"column":0},"end":{"line":33,"column":38}}]},"2":{"type":"branch","line":15,"loc":{"start":{"line":15,"column":23},"end":{"line":32,"column":1}},"locations":[{"start":{"line":15,"column":23},"end":{"line":32,"column":1}}]},"3":{"type":"branch","line":16,"loc":{"start":{"line":16,"column":39},"end":{"line":16,"column":66}},"locations":[{"start":{"line":16,"column":39},"end":{"line":16,"column":66}}]},"4":{"type":"branch","line":20,"loc":{"start":{"line":20,"column":-1},"end":{"line":31,"column":5}},"locations":[{"start":{"line":20,"column":-1},"end":{"line":31,"column":5}}]}},"b":{"0":[2],"1":[2],"2":[1],"3":[0],"4":[0]},"fnMap":{"0":{"name":"Object.<anonymous>","decl":{"start":{"line":1,"column":0},"end":{"line":33,"column":38}},"loc":{"start":{"line":1,"column":0},"end":{"line":33,"column":38}},"line":1},"1":{"name":"getProgressionLine","decl":{"start":{"line":6,"column":25},"end":{"line":14,"column":1}},"loc":{"start":{"line":6,"column":25},"end":{"line":14,"column":1}},"line":6},"2":{"name":"brainProgression","decl":{"start":{"line":15,"column":23},"end":{"line":32,"column":1}},"loc":{"start":{"line":15,"column":23},"end":{"line":32,"column":1}},"line":15}},"f":{"0":2,"1":0,"2":1}}
,"/Users/shahzod/GitHub/project--brain-game-typescript/src/cli.js": {"path":"/Users/shahzod/GitHub/project--brain-game-typescript/src/cli.js","all":false,"statementMap":{"0":{"start":{"line":1,"column":0},"end":{"line":1,"column":13}},"1":{"start":{"line":2,"column":0},"end":{"line":2,"column":26}},"2":{"start":{"line":3,"column":0},"end":{"line":3,"column":29}},"3":{"start":{"line":4,"column":0},"end":{"line":4,"column":44}},"4":{"start":{"line":5,"column":0},"end":{"line":5,"column":50}},"5":{"start":{"line":6,"column":0},"end":{"line":6,"column":50}},"6":{"start":{"line":7,"column":0},"end":{"line":7,"column":48}},"7":{"start":{"line":8,"column":0},"end":{"line":8,"column":64}},"8":{"start":{"line":9,"column":0},"end":{"line":9,"column":52}},"9":{"start":{"line":10,"column":0},"end":{"line":10,"column":41}},"10":{"start":{"line":11,"column":0},"end":{"line":11,"column":18}},"11":{"start":{"line":12,"column":0},"end":{"line":12,"column":39}},"12":{"start":{"line":13,"column":0},"end":{"line":13,"column":58}},"13":{"start":{"line":14,"column":0},"end":{"line":14,"column":112}},"14":{"start":{"line":15,"column":0},"end":{"line":15,"column":5}},"15":{"start":{"line":16,"column":0},"end":{"line":16,"column":51}},"16":{"start":{"line":17,"column":0},"end":{"line":17,"column":65}},"17":{"start":{"line":18,"column":0},"end":{"line":18,"column":111}},"18":{"start":{"line":19,"column":0},"end":{"line":19,"column":23}},"19":{"start":{"line":20,"column":0},"end":{"line":20,"column":20}},"20":{"start":{"line":21,"column":0},"end":{"line":21,"column":96}},"21":{"start":{"line":22,"column":0},"end":{"line":22,"column":43}},"22":{"start":{"line":23,"column":0},"end":{"line":23,"column":18}},"23":{"start":{"line":24,"column":0},"end":{"line":24,"column":20}},"24":{"start":{"line":25,"column":0},"end":{"line":25,"column":63}},"25":{"start":{"line":26,"column":0},"end":{"line":26,"column":43}},"26":{"start":{"line":27,"column":0},"end":{"line":27,"column":18}},"27":{"start":{"line":28,"column":0},"end":{"line":28,"column":19}},"28":{"start":{"line":29,"column":0},"end":{"line":29,"column":77}},"29":{"start":{"line":30,"column":0},"end":{"line":30,"column":42}},"30":{"start":{"line":31,"column":0},"end":{"line":31,"column":18}},"31":{"start":{"line":32,"column":0},"end":{"line":32,"column":27}},"32":{"start":{"line":33,"column":0},"end":{"line":33,"column":65}},"33":{"start":{"line":34,"column":0},"end":{"line":34,"column":50}},"34":{"start":{"line":35,"column":0},"end":{"line":35,"column":18}},"35":{"start":{"line":36,"column":0},"end":{"line":36,"column":21}},"36":{"start":{"line":37,"column":0},"end":{"line":37,"column":113}},"37":{"start":{"line":38,"column":0},"end":{"line":38,"column":44}},"38":{"start":{"line":39,"column":0},"end":{"line":39,"column":18}},"39":{"start":{"line":40,"column":0},"end":{"line":40,"column":16}},"40":{"start":{"line":41,"column":0},"end":{"line":41,"column":5}},"41":{"start":{"line":42,"column":0},"end":{"line":42,"column":25}},"42":{"start":{"line":43,"column":0},"end":{"line":43,"column":2}},"43":{"start":{"line":44,"column":0},"end":{"line":44,"column":76}},"44":{"start":{"line":45,"column":0},"end":{"line":45,"column":39}},"45":{"start":{"line":46,"column":0},"end":{"line":46,"column":34}},"46":{"start":{"line":47,"column":0},"end":{"line":47,"column":39}},"47":{"start":{"line":48,"column":0},"end":{"line":48,"column":113}},"48":{"start":{"line":49,"column":0},"end":{"line":49,"column":9}},"49":{"start":{"line":50,"column":0},"end":{"line":50,"column":20}},"50":{"start":{"line":51,"column":0},"end":{"line":51,"column":5}},"51":{"start":{"line":52,"column":0},"end":{"line":52,"column":284}},"52":{"start":{"line":53,"column":0},"end":{"line":53,"column":174}},"53":{"start":{"line":54,"column":0},"end":{"line":54,"column":17}},"54":{"start":{"line":55,"column":0},"end":{"line":55,"column":2}},"55":{"start":{"line":56,"column":0},"end":{"line":56,"column":34}},"56":{"start":{"line":57,"column":0},"end":{"line":57,"column":33}}},"s":{"0":2,"1":2,"2":2,"3":2,"4":2,"5":2,"6":2,"7":2,"8":2,"9":2,"10":2,"11":2,"12":1,"13":1,"14":1,"15":0,"16":0,"17":0,"18":0,"19":0,"20":0,"21":0,"22":0,"23":1,"24":0,"25":0,"26":0,"27":1,"28":0,"29":0,"30":0,"31":1,"32":0,"33":0,"34":0,"35":1,"36":0,"37":0,"38":0,"39":1,"40":1,"41":0,"42":2,"43":2,"44":3,"45":1,"46":1,"47":0,"48":0,"49":1,"50":1,"51":2,"52":2,"53":2,"54":2,"55":2,"56":2},"branchMap":{"0":{"type":"branch","line":1,"loc":{"start":{"line":1,"column":0},"end":{"line":57,"column":33}},"locations":[{"start":{"line":1,"column":0},"end":{"line":57,"column":33}}]},"1":{"type":"branch","line":1,"loc":{"start":{"line":1,"column":0},"end":{"line":57,"column":33}},"locations":[{"start":{"line":1,"column":0},"end":{"line":57,"column":33}}]},"2":{"type":"branch","line":12,"loc":{"start":{"line":12,"column":18},"end":{"line":43,"column":1}},"locations":[{"start":{"line":12,"column":18},"end":{"line":43,"column":1}}]},"3":{"type":"branch","line":16,"loc":{"start":{"line":16,"column":-1},"end":{"line":23,"column":18}},"locations":[{"start":{"line":16,"column":-1},"end":{"line":23,"column":18}}]},"4":{"type":"branch","line":24,"loc":{"start":{"line":24,"column":8},"end":{"line":27,"column":18}},"locations":[{"start":{"line":24,"column":8},"end":{"line":27,"column":18}}]},"5":{"type":"branch","line":28,"loc":{"start":{"line":28,"column":8},"end":{"line":31,"column":18}},"locations":[{"start":{"line":28,"column":8},"end":{"line":31,"column":18}}]},"6":{"type":"branch","line":32,"loc":{"start":{"line":32,"column":8},"end":{"line":35,"column":18}},"locations":[{"start":{"line":32,"column":8},"end":{"line":35,"column":18}}]},"7":{"type":"branch","line":36,"loc":{"start":{"line":36,"column":8},"end":{"line":39,"column":18}},"locations":[{"start":{"line":36,"column":8},"end":{"line":39,"column":18}}]},"8":{"type":"branch","line":40,"loc":{"start":{"line":40,"column":8},"end":{"line":40,"column":16}},"locations":[{"start":{"line":40,"column":8},"end":{"line":40,"column":16}}]},"9":{"type":"branch","line":42,"loc":{"start":{"line":42,"column":-1},"end":{"line":43,"column":0}},"locations":[{"start":{"line":42,"column":-1},"end":{"line":43,"column":0}}]},"10":{"type":"branch","line":44,"loc":{"start":{"line":44,"column":18},"end":{"line":55,"column":1}},"locations":[{"start":{"line":44,"column":18},"end":{"line":55,"column":1}}]},"11":{"type":"branch","line":45,"loc":{"start":{"line":45,"column":38},"end":{"line":51,"column":5}},"locations":[{"start":{"line":45,"column":38},"end":{"line":51,"column":5}}]},"12":{"type":"branch","line":47,"loc":{"start":{"line":47,"column":38},"end":{"line":49,"column":9}},"locations":[{"start":{"line":47,"column":38},"end":{"line":49,"column":9}}]},"13":{"type":"branch","line":52,"loc":{"start":{"line":52,"column":-1},"end":{"line":55,"column":0}},"locations":[{"start":{"line":52,"column":-1},"end":{"line":55,"column":0}}]}},"b":{"0":[2],"1":[2],"2":[1],"3":[0],"4":[0],"5":[0],"6":[0],"7":[0],"8":[0],"9":[0],"10":[3],"11":[1],"12":[0],"13":[2]},"fnMap":{"0":{"name":"Object.<anonymous>","decl":{"start":{"line":1,"column":0},"end":{"line":57,"column":33}},"loc":{"start":{"line":1,"column":0},"end":{"line":57,"column":33}},"line":1},"1":{"name":"userWelcome","decl":{"start":{"line":12,"column":18},"end":{"line":43,"column":1}},"loc":{"start":{"line":12,"column":18},"end":{"line":43,"column":1}},"line":12},"2":{"name":"checkAnswer","decl":{"start":{"line":44,"column":18},"end":{"line":55,"column":1}},"loc":{"start":{"line":44,"column":18},"end":{"line":55,"column":1}},"line":44}},"f":{"0":2,"1":1,"2":3}}
,"/Users/shahzod/GitHub/project--brain-game-typescript/src/game-list.js": {"path":"/Users/shahzod/GitHub/project--brain-game-typescript/src/game-list.js","all":false,"statementMap":{"0":{"start":{"line":1,"column":0},"end":{"line":1,"column":13}},"1":{"start":{"line":2,"column":0},"end":{"line":2,"column":26}},"2":{"start":{"line":3,"column":0},"end":{"line":3,"column":26}},"3":{"start":{"line":4,"column":0},"end":{"line":4,"column":25}},"4":{"start":{"line":5,"column":0},"end":{"line":5,"column":29}},"5":{"start":{"line":6,"column":0},"end":{"line":6,"column":35}},"6":{"start":{"line":7,"column":0},"end":{"line":7,"column":23}},"7":{"start":{"line":8,"column":0},"end":{"line":8,"column":39}},"8":{"start":{"line":9,"column":0},"end":{"line":9,"column":62}},"9":{"start":{"line":10,"column":0},"end":{"line":10,"column":51}},"10":{"start":{"line":11,"column":0},"end":{"line":11,"column":68}},"11":{"start":{"line":12,"column":0},"end":{"line":12,"column":41}},"12":{"start":{"line":13,"column":0},"end":{"line":13,"column":2}},"13":{"start":{"line":14,"column":0},"end":{"line":14,"column":98}},"14":{"start":{"line":15,"column":0},"end":{"line":15,"column":73}},"15":{"start":{"line":16,"column":0},"end":{"line":16,"column":28}},"16":{"start":{"line":17,"column":0},"end":{"line":17,"column":23}},"17":{"start":{"line":18,"column":0},"end":{"line":18,"column":80}},"18":{"start":{"line":19,"column":0},"end":{"line":19,"column":29}},"19":{"start":{"line":20,"column":0},"end":{"line":20,"column":7}},"20":{"start":{"line":21,"column":0},"end":{"line":21,"column":20}},"21":{"start":{"line":22,"column":0},"end":{"line":22,"column":73}},"22":{"start":{"line":23,"column":0},"end":{"line":23,"column":89}},"23":{"start":{"line":24,"column":0},"end":{"line":24,"column":2}},"24":{"start":{"line":25,"column":0},"end":{"line":25,"column":28}},"25":{"start":{"line":26,"column":0},"end":{"line":26,"column":43}},"26":{"start":{"line":27,"column":0},"end":{"line":27,"column":60}},"27":{"start":{"line":28,"column":0},"end":{"line":28,"column":40}},"28":{"start":{"line":29,"column":0},"end":{"line":29,"column":63}},"29":{"start":{"line":30,"column":0},"end":{"line":30,"column":9}},"30":{"start":{"line":31,"column":0},"end":{"line":31,"column":14}},"31":{"start":{"line":32,"column":0},"end":{"line":32,"column":59}},"32":{"start":{"line":33,"column":0},"end":{"line":33,"column":9}},"33":{"start":{"line":34,"column":0},"end":{"line":34,"column":7}},"34":{"start":{"line":35,"column":0},"end":{"line":35,"column":2}},"35":{"start":{"line":36,"column":0},"end":{"line":36,"column":45}}},"s":{"0":2,"1":2,"2":2,"3":2,"4":2,"5":2,"6":2,"7":2,"8":2,"9":2,"10":2,"11":2,"12":2,"13":2,"14":2,"15":2,"16":1,"17":1,"18":10,"19":1,"20":1,"21":1,"22":1,"23":2,"24":2,"25":2,"26":0,"27":0,"28":0,"29":0,"30":0,"31":0,"32":0,"33":0,"34":2,"35":2},"branchMap":{"0":{"type":"branch","line":1,"loc":{"start":{"line":1,"column":0},"end":{"line":36,"column":45}},"locations":[{"start":{"line":1,"column":0},"end":{"line":36,"column":45}}]},"1":{"type":"branch","line":1,"loc":{"start":{"line":1,"column":0},"end":{"line":36,"column":45}},"locations":[{"start":{"line":1,"column":0},"end":{"line":36,"column":45}}]},"2":{"type":"branch","line":14,"loc":{"start":{"line":14,"column":22},"end":{"line":14,"column":97}},"locations":[{"start":{"line":14,"column":22},"end":{"line":14,"column":97}}]},"3":{"type":"branch","line":15,"loc":{"start":{"line":15,"column":19},"end":{"line":15,"column":72}},"locations":[{"start":{"line":15,"column":19},"end":{"line":15,"column":72}}]},"4":{"type":"branch","line":16,"loc":{"start":{"line":16,"column":15},"end":{"line":24,"column":1}},"locations":[{"start":{"line":16,"column":15},"end":{"line":24,"column":1}}]},"5":{"type":"branch","line":18,"loc":{"start":{"line":18,"column":63},"end":{"line":20,"column":5}},"locations":[{"start":{"line":18,"column":63},"end":{"line":20,"column":5}}]},"6":{"type":"branch","line":22,"loc":{"start":{"line":22,"column":16},"end":{"line":22,"column":72}},"locations":[{"start":{"line":22,"column":16},"end":{"line":22,"column":72}}]},"7":{"type":"branch","line":23,"loc":{"start":{"line":23,"column":13},"end":{"line":23,"column":87}},"locations":[{"start":{"line":23,"column":13},"end":{"line":23,"column":87}}]}},"b":{"0":[2],"1":[2],"2":[1],"3":[10],"4":[1],"5":[10],"6":[10],"7":[5]},"fnMap":{"0":{"name":"Object.<anonymous>","decl":{"start":{"line":1,"column":0},"end":{"line":36,"column":45}},"loc":{"start":{"line":1,"column":0},"end":{"line":36,"column":45}},"line":1},"1":{"name":"getAbsolutePath","decl":{"start":{"line":14,"column":22},"end":{"line":14,"column":97}},"loc":{"start":{"line":14,"column":22},"end":{"line":14,"column":97}},"line":14},"2":{"name":"getExtension","decl":{"start":{"line":15,"column":19},"end":{"line":15,"column":72}},"loc":{"start":{"line":15,"column":19},"end":{"line":15,"column":72}},"line":15},"3":{"name":"gameList","decl":{"start":{"line":16,"column":15},"end":{"line":24,"column":1}},"loc":{"start":{"line":16,"column":15},"end":{"line":24,"column":1}},"line":16},"4":{"name":"gameListWithDescription","decl":{"start":{"line":26,"column":30},"end":{"line":35,"column":1}},"loc":{"start":{"line":26,"column":30},"end":{"line":35,"column":1}},"line":26}},"f":{"0":2,"1":1,"2":10,"3":1,"4":0}}
,"/Users/shahzod/GitHub/project--brain-game-typescript/src/random-values.js": {"path":"/Users/shahzod/GitHub/project--brain-game-typescript/src/random-values.js","all":false,"statementMap":{"0":{"start":{"line":1,"column":0},"end":{"line":1,"column":13}},"1":{"start":{"line":2,"column":0},"end":{"line":2,"column":26}},"2":{"start":{"line":3,"column":0},"end":{"line":3,"column":39}},"3":{"start":{"line":4,"column":0},"end":{"line":4,"column":57}},"4":{"start":{"line":5,"column":0},"end":{"line":5,"column":33}},"5":{"start":{"line":6,"column":0},"end":{"line":6,"column":34}},"6":{"start":{"line":7,"column":0},"end":{"line":7,"column":61}},"7":{"start":{"line":8,"column":0},"end":{"line":8,"column":2}},"8":{"start":{"line":9,"column":0},"end":{"line":9,"column":53}},"9":{"start":{"line":10,"column":0},"end":{"line":10,"column":44}},"10":{"start":{"line":11,"column":0},"end":{"line":11,"column":61}},"11":{"start":{"line":12,"column":0},"end":{"line":12,"column":2}},"12":{"start":{"line":13,"column":0},"end":{"line":13,"column":54}},"13":{"start":{"line":14,"column":0},"end":{"line":14,"column":43}}},"s":{"0":3,"1":3,"2":3,"3":3,"4":3,"5":3,"6":3,"7":3,"8":3,"9":1,"10":1,"11":3,"12":3,"13":3},"branchMap":{"0":{"type":"branch","line":1,"loc":{"start":{"line":1,"column":0},"end":{"line":14,"column":43}},"locations":[{"start":{"line":1,"column":0},"end":{"line":14,"column":43}}]},"1":{"type":"branch","line":1,"loc":{"start":{"line":1,"column":0},"end":{"line":14,"column":43}},"locations":[{"start":{"line":1,"column":0},"end":{"line":14,"column":43}}]},"2":{"type":"branch","line":4,"loc":{"start":{"line":4,"column":28},"end":{"line":8,"column":1}},"locations":[{"start":{"line":4,"column":28},"end":{"line":8,"column":1}}]},"3":{"type":"branch","line":9,"loc":{"start":{"line":9,"column":28},"end":{"line":12,"column":1}},"locations":[{"start":{"line":9,"column":28},"end":{"line":12,"column":1}}]}},"b":{"0":[3],"1":[3],"2":[3],"3":[1]},"fnMap":{"0":{"name":"Object.<anonymous>","decl":{"start":{"line":1,"column":0},"end":{"line":14,"column":43}},"loc":{"start":{"line":1,"column":0},"end":{"line":14,"column":43}},"line":1},"1":{"name":"getRandomIntInclusive","decl":{"start":{"line":4,"column":28},"end":{"line":8,"column":1}},"loc":{"start":{"line":4,"column":28},"end":{"line":8,"column":1}},"line":4},"2":{"name":"getRandomTransactions","decl":{"start":{"line":9,"column":28},"end":{"line":12,"column":1}},"loc":{"start":{"line":9,"column":28},"end":{"line":12,"column":1}},"line":9}},"f":{"0":3,"1":3,"2":1}}
}
