TN:
SF:games/brain-calc.js
FN:1,Object.<anonymous>
FN:7,brainCalc
FNF:2
FNH:2
FNDA:2,Object.<anonymous>
FNDA:1,brainCalc
DA:1,2
DA:2,2
DA:3,2
DA:4,2
DA:5,2
DA:6,2
DA:7,2
DA:8,1
DA:9,1
DA:10,1
DA:11,1
DA:12,0
DA:13,0
DA:14,0
DA:15,0
DA:16,0
DA:17,0
DA:18,0
DA:19,0
DA:20,1
DA:21,0
DA:22,0
DA:23,1
DA:24,0
DA:25,0
DA:26,1
DA:27,0
DA:28,1
DA:29,0
DA:30,0
DA:31,0
DA:32,0
DA:33,0
DA:34,2
DA:35,2
LF:35
LH:17
BRDA:1,0,0,2
BRDA:1,1,0,2
BRDA:7,2,0,1
BRDA:8,3,0,0
BRDA:12,4,0,0
BRDA:20,5,0,0
BRDA:23,6,0,0
BRDA:26,7,0,0
BRDA:29,8,0,0
BRF:9
BRH:3
end_of_record
TN:
SF:games/brain-even.js
FN:1,Object.<anonymous>
FN:6,brainEven
FNF:2
FNH:2
FNDA:2,Object.<anonymous>
FNDA:1,brainEven
DA:1,2
DA:2,2
DA:3,2
DA:4,2
DA:5,2
DA:6,2
DA:7,1
DA:8,1
DA:9,1
DA:10,1
DA:11,0
DA:12,0
DA:13,0
DA:14,0
DA:15,0
DA:16,0
DA:17,0
DA:18,0
DA:19,0
DA:20,0
DA:21,0
DA:22,0
DA:23,0
DA:24,2
DA:25,2
LF:25
LH:12
BRDA:1,0,0,2
BRDA:1,1,0,2
BRDA:6,2,0,1
BRDA:7,3,0,0
BRDA:11,4,0,0
BRF:5
BRH:3
end_of_record
TN:
SF:games/brain-gcd.js
FN:1,Object.<anonymous>
FN:6,getGreatestCommonDivisor
FN:17,brainGCD
FNF:3
FNH:2
FNDA:2,Object.<anonymous>
FNDA:0,getGreatestCommonDivisor
FNDA:1,brainGCD
DA:1,2
DA:2,2
DA:3,2
DA:4,2
DA:5,2
DA:6,2
DA:7,0
DA:8,0
DA:9,0
DA:10,0
DA:11,0
DA:12,0
DA:13,0
DA:14,0
DA:15,0
DA:16,2
DA:17,2
DA:18,1
DA:19,1
DA:20,1
DA:21,1
DA:22,0
DA:23,0
DA:24,0
DA:25,0
DA:26,0
DA:27,0
DA:28,0
DA:29,0
DA:30,2
DA:31,2
LF:31
LH:14
BRDA:1,0,0,2
BRDA:1,1,0,2
BRDA:17,2,0,1
BRDA:18,3,0,0
BRDA:22,4,0,0
BRF:5
BRH:3
end_of_record
TN:
SF:games/brain-prime.js
FN:1,Object.<anonymous>
FN:6,isPrime
FN:16,brainPrime
FNF:3
FNH:2
FNDA:2,Object.<anonymous>
FNDA:0,isPrime
FNDA:1,brainPrime
DA:1,2
DA:2,2
DA:3,2
DA:4,2
DA:5,2
DA:6,2
DA:7,0
DA:8,0
DA:9,0
DA:10,0
DA:11,0
DA:12,0
DA:13,0
DA:14,0
DA:15,2
DA:16,2
DA:17,1
DA:18,1
DA:19,1
DA:20,1
DA:21,0
DA:22,0
DA:23,0
DA:24,0
DA:25,0
DA:26,0
DA:27,0
DA:28,0
DA:29,0
DA:30,0
DA:31,0
DA:32,0
DA:33,0
DA:34,2
DA:35,2
LF:35
LH:14
BRDA:1,0,0,2
BRDA:1,1,0,2
BRDA:16,2,0,1
BRDA:17,3,0,0
BRDA:21,4,0,0
BRF:5
BRH:3
end_of_record
TN:
SF:games/brain-progression.js
FN:1,Object.<anonymous>
FN:6,getProgressionLine
FN:15,brainProgression
FNF:3
FNH:2
FNDA:2,Object.<anonymous>
FNDA:0,getProgressionLine
FNDA:1,brainProgression
DA:1,2
DA:2,2
DA:3,2
DA:4,2
DA:5,2
DA:6,2
DA:7,0
DA:8,0
DA:9,0
DA:10,0
DA:11,0
DA:12,0
DA:13,0
DA:14,2
DA:15,2
DA:16,1
DA:17,1
DA:18,1
DA:19,1
DA:20,0
DA:21,0
DA:22,0
DA:23,0
DA:24,0
DA:25,0
DA:26,0
DA:27,0
DA:28,0
DA:29,0
DA:30,0
DA:31,0
DA:32,2
DA:33,2
LF:33
LH:14
BRDA:1,0,0,2
BRDA:1,1,0,2
BRDA:15,2,0,1
BRDA:16,3,0,0
BRDA:20,4,0,0
BRF:5
BRH:3
end_of_record
TN:
SF:src/cli.js
FN:1,Object.<anonymous>
FN:12,userWelcome
FN:44,checkAnswer
FNF:3
FNH:3
FNDA:2,Object.<anonymous>
FNDA:1,userWelcome
FNDA:3,checkAnswer
DA:1,2
DA:2,2
DA:3,2
DA:4,2
DA:5,2
DA:6,2
DA:7,2
DA:8,2
DA:9,2
DA:10,2
DA:11,2
DA:12,2
DA:13,1
DA:14,1
DA:15,1
DA:16,0
DA:17,0
DA:18,0
DA:19,0
DA:20,0
DA:21,0
DA:22,0
DA:23,0
DA:24,1
DA:25,0
DA:26,0
DA:27,0
DA:28,1
DA:29,0
DA:30,0
DA:31,0
DA:32,1
DA:33,0
DA:34,0
DA:35,0
DA:36,1
DA:37,0
DA:38,0
DA:39,0
DA:40,1
DA:41,1
DA:42,0
DA:43,2
DA:44,2
DA:45,3
DA:46,1
DA:47,1
DA:48,0
DA:49,0
DA:50,1
DA:51,1
DA:52,2
DA:53,2
DA:54,2
DA:55,2
DA:56,2
DA:57,2
LF:57
LH:34
BRDA:1,0,0,2
BRDA:1,1,0,2
BRDA:12,2,0,1
BRDA:16,3,0,0
BRDA:24,4,0,0
BRDA:28,5,0,0
BRDA:32,6,0,0
BRDA:36,7,0,0
BRDA:40,8,0,0
BRDA:42,9,0,0
BRDA:44,10,0,3
BRDA:45,11,0,1
BRDA:47,12,0,0
BRDA:52,13,0,2
BRF:14
BRH:6
end_of_record
TN:
SF:src/game-list.js
FN:1,Object.<anonymous>
FN:14,getAbsolutePath
FN:15,getExtension
FN:16,gameList
FN:26,gameListWithDescription
FNF:5
FNH:4
FNDA:2,Object.<anonymous>
FNDA:1,getAbsolutePath
FNDA:10,getExtension
FNDA:1,gameList
FNDA:0,gameListWithDescription
DA:1,2
DA:2,2
DA:3,2
DA:4,2
DA:5,2
DA:6,2
DA:7,2
DA:8,2
DA:9,2
DA:10,2
DA:11,2
DA:12,2
DA:13,2
DA:14,2
DA:15,2
DA:16,2
DA:17,1
DA:18,1
DA:19,10
DA:20,1
DA:21,1
DA:22,1
DA:23,1
DA:24,2
DA:25,2
DA:26,2
DA:27,0
DA:28,0
DA:29,0
DA:30,0
DA:31,0
DA:32,0
DA:33,0
DA:34,0
DA:35,2
DA:36,2
LF:36
LH:28
BRDA:1,0,0,2
BRDA:1,1,0,2
BRDA:14,2,0,1
BRDA:15,3,0,10
BRDA:16,4,0,1
BRDA:18,5,0,10
BRDA:22,6,0,10
BRDA:23,7,0,5
BRF:8
BRH:8
end_of_record
TN:
SF:src/random-values.js
FN:1,Object.<anonymous>
FN:4,getRandomIntInclusive
FN:9,getRandomTransactions
FNF:3
FNH:3
FNDA:3,Object.<anonymous>
FNDA:3,getRandomIntInclusive
FNDA:1,getRandomTransactions
DA:1,3
DA:2,3
DA:3,3
DA:4,3
DA:5,3
DA:6,3
DA:7,3
DA:8,3
DA:9,3
DA:10,1
DA:11,1
DA:12,3
DA:13,3
DA:14,3
LF:14
LH:14
BRDA:1,0,0,3
BRDA:1,1,0,3
BRDA:4,2,0,3
BRDA:9,3,0,1
BRF:4
BRH:4
end_of_record
